<?xml version="1.0" encoding="UTF-8"?>
<testng-results ignored="0" total="2" passed="2" failed="0" skipped="0">
  <reporter-output>
    <line>
      <![CDATA[test case one]]>
    </line>
    <line>
      <![CDATA[test case two]]>
    </line>
    <line>
      <![CDATA[Test case three jfhjfkdj ]]>
    </line>
    <line>
      <![CDATA[Test case three]]>
    </line>
    <line>
      <![CDATA[
Test case next line]]>
    </line>
  </reporter-output>
  <suite started-at="2022-10-06T12:34:29 IST" name="Surefire suite" finished-at="2022-10-06T12:34:29 IST" duration-ms="113">
    <groups>
    </groups>
    <test started-at="2022-10-06T12:34:29 IST" name="Surefire test" finished-at="2022-10-06T12:34:29 IST" duration-ms="113">
      <class name="com.automation.sample.AppTest">
        <test-method signature="shouldAnswerWithTrue()" started-at="2022-10-06T12:34:29 IST" name="shouldAnswerWithTrue" finished-at="2022-10-06T12:34:29 IST" duration-ms="24" status="PASS">
          <reporter-output>
          </reporter-output>
        </test-method> <!-- shouldAnswerWithTrue -->
        <test-method signature="shouldAnswerWithFalse()" started-at="2022-10-06T12:34:29 IST" name="shouldAnswerWithFalse" finished-at="2022-10-06T12:34:29 IST" duration-ms="25" status="PASS">
          <reporter-output>
          </reporter-output>
        </test-method> <!-- shouldAnswerWithFalse -->
      </class> <!-- com.automation.sample.AppTest -->
    </test> <!-- Surefire test -->
  </suite> <!-- Surefire suite -->
</testng-results>
