<?xml version="1.0" encoding="UTF-8"?>
<!-- Generated by org.testng.reporters.JUnitXMLReporter -->
<testsuite hostname="VTIPL-H-PC249-L" name="Default test" tests="3" failures="0" timestamp="21 Jul 2022 11:47:16 GMT" time="0.045" errors="0">
  <testcase name="shouldAnswerWithTrue" time="0.015" classname="com.automation.sample.TestNGClass"/>
  <testcase name="shouldAnswerWithTrue1" time="0.003" classname="com.automation.sample.TestNGClass"/>
  <testcase name="shouldAnswerWithTrue2" time="0.001" classname="com.automation.sample.TestNGClass"/>
</testsuite> <!-- Default test -->
