<?xml version="1.0" encoding="UTF-8"?>
<!-- Generated by org.testng.reporters.JUnitXMLReporter -->
<testsuite ignored="0" hostname="VTIPL-H-PC249-L" failures="0" tests="3" name="Surefire test" time="0.141" errors="0" timestamp="2022-10-06T12:34:28 IST">
  <testcase classname="com.automation.sample.TestNGClass" name="shouldAnswerWithTrue" time="0.015"/>
  <testcase classname="com.automation.sample.TestNGClass" name="shouldAnswerWithTrue1" time="0.004"/>
  <testcase classname="com.automation.sample.TestNGClass" name="shouldAnswerWithTrue2" time="0.0"/>
</testsuite> <!-- Surefire test -->
