<?xml version="1.0" encoding="UTF-8"?>
<testng-results ignored="0" total="3" passed="3" failed="0" skipped="0">
  <reporter-output>
    <line>
      <![CDATA[test case one]]>
    </line>
    <line>
      <![CDATA[test case two]]>
    </line>
    <line>
      <![CDATA[Test case three jfhjfkdj ]]>
    </line>
    <line>
      <![CDATA[Test case three]]>
    </line>
    <line>
      <![CDATA[
Test case next line]]>
    </line>
  </reporter-output>
  <suite started-at="2022-10-06T12:34:28 IST" name="Surefire suite" finished-at="2022-10-06T12:34:28 IST" duration-ms="141">
    <groups>
    </groups>
    <test started-at="2022-10-06T12:34:28 IST" name="Surefire test" finished-at="2022-10-06T12:34:28 IST" duration-ms="141">
      <class name="com.automation.sample.TestNGClass">
        <test-method signature="shouldAnswerWithTrue()[pri:0, instance:com.automation.sample.TestNGClass@61862a7f]" started-at="2022-10-06T12:34:28 IST" name="shouldAnswerWithTrue" finished-at="2022-10-06T12:34:28 IST" duration-ms="15" status="PASS">
          <reporter-output>
            <line>
              <![CDATA[test case one]]>
            </line>
          </reporter-output>
        </test-method> <!-- shouldAnswerWithTrue -->
        <test-method signature="shouldAnswerWithTrue1()[pri:0, instance:com.automation.sample.TestNGClass@61862a7f]" started-at="2022-10-06T12:34:28 IST" name="shouldAnswerWithTrue1" finished-at="2022-10-06T12:34:28 IST" duration-ms="4" status="PASS">
          <reporter-output>
            <line>
              <![CDATA[test case two]]>
            </line>
          </reporter-output>
        </test-method> <!-- shouldAnswerWithTrue1 -->
        <test-method signature="shouldAnswerWithTrue2()[pri:0, instance:com.automation.sample.TestNGClass@61862a7f]" started-at="2022-10-06T12:34:28 IST" name="shouldAnswerWithTrue2" finished-at="2022-10-06T12:34:28 IST" duration-ms="0" status="PASS">
          <reporter-output>
            <line>
              <![CDATA[Test case three jfhjfkdj ]]>
            </line>
            <line>
              <![CDATA[Test case three]]>
            </line>
            <line>
              <![CDATA[
Test case next line]]>
            </line>
          </reporter-output>
        </test-method> <!-- shouldAnswerWithTrue2 -->
      </class> <!-- com.automation.sample.TestNGClass -->
    </test> <!-- Surefire test -->
  </suite> <!-- Surefire suite -->
</testng-results>
