<?xml version="1.0" encoding="UTF-8"?>
<testsuite xmlns:xsi="http://www.w3.org/2001/XMLSchema-instance" xsi:noNamespaceSchemaLocation="https://maven.apache.org/surefire/maven-surefire-plugin/xsd/surefire-test-report.xsd" name="TestSuite" time="1.59" tests="5" errors="0" skipped="0" failures="0">
  <properties>
[...]
</properties>
  <testcase name="shouldAnswerWithTrue" classname="com.automation.sample.TestNGClass" time="0.007"/>
  <testcase name="shouldAnswerWithTrue1" classname="com.automation.sample.TestNGClass" time="0"/>
  <testcase name="shouldAnswerWithTrue2" classname="com.automation.sample.TestNGClass" time="0"/>
  <testcase name="shouldAnswerWithTrue on shouldAnswerWithTrue(com.automation.sample.AppTest)" classname="com.automation.sample.AppTest" time="0"/>
  <testcase name="shouldAnswerWithFalse on shouldAnswerWithFalse(com.automation.sample.AppTest)" classname="com.automation.sample.AppTest" time="0"/>
</testsuite>