<?xml version="1.0" encoding="UTF-8"?>
<!-- Generated by org.testng.reporters.JUnitXMLReporter -->
<testsuite ignored="0" hostname="VTIPL-H-PC249-L" failures="0" tests="2" name="Surefire test" time="0.113" errors="0" timestamp="2022-10-06T12:34:29 IST">
  <testcase classname="com.automation.sample.AppTest" name="shouldAnswerWithTrue on shouldAnswerWithTrue(com.automation.sample.AppTest)" time="0.024"/>
  <testcase classname="com.automation.sample.AppTest" name="shouldAnswerWithFalse on shouldAnswerWithFalse(com.automation.sample.AppTest)" time="0.025"/>
</testsuite> <!-- Surefire test -->
